<?xml version="1.0" encoding="UTF-8"?>
<testsuite xmlns:xsi="http://www.w3.org/2001/XMLSchema-instance" xsi:noNamespaceSchemaLocation="https://maven.apache.org/surefire/maven-surefire-plugin/xsd/surefire-test-report-3.0.xsd" version="3.0" name="com.library.rickmorty.RickMortyClientApplicationTests" time="10.031" tests="1" errors="0" skipped="0" failures="0">
  <properties>
[...]
</properties>
  <testcase name="contextLoads" classname="com.library.rickmorty.RickMortyClientApplicationTests" time="2.572">
    <system-out><![CDATA[13:08:18.438 [main] INFO org.springframework.test.context.support.AnnotationConfigContextLoaderUtils -- Could not detect default configuration classes for test class [com.library.rickmorty.RickMortyClientApplicationTests]: RickMortyClientApplicationTests does not declare any static, non-private, non-final, nested classes annotated with @Configuration.
13:08:18.659 [main] INFO org.springframework.boot.test.context.SpringBootTestContextBootstrapper -- Found @SpringBootConfiguration com.library.rickmorty.RickMortyClientApplication for test class com.library.rickmorty.RickMortyClientApplicationTests

  .   ____          _            __ _ _
 /\\ / ___'_ __ _ _(_)_ __  __ _ \ \ \ \
( ( )\___ | '_ | '_| | '_ \/ _` | \ \ \ \
 \\/  ___)| |_)| | | | | || (_| |  ) ) ) )
  '  |____| .__|_| |_|_| |_\__, | / / / /
 =========|_|==============|___/=/_/_/_/
 :: Spring Boot ::                (v3.2.4)

2024-04-17T13:08:19.897-06:00  INFO 19040 --- [RickMortyClient] [           main] c.l.r.RickMortyClientApplicationTests    : Starting RickMortyClientApplicationTests using Java 17.0.10 with PID 19040 (started by raul_ in D:\Personal\Proyectos\rickmorty)
2024-04-17T13:08:19.900-06:00  INFO 19040 --- [RickMortyClient] [           main] c.l.r.RickMortyClientApplicationTests    : No active profile set, falling back to 1 default profile: "default"
2024-04-17T13:08:24.095-06:00  INFO 19040 --- [RickMortyClient] [           main] c.l.r.RickMortyClientApplicationTests    : Started RickMortyClientApplicationTests in 5.03 seconds (process running for 7.234)
Character(id=1, name=Rick Sanchez, status=Alive, species=Human, type=, gender=Male, origin=Location(id=0, name=Earth (C-137), type=null, dimension=null, residents=null, url=https://rickandmortyapi.com/api/location/1, created=null), location=Location(id=0, name=Citadel of Ricks, type=null, dimension=null, residents=null, url=https://rickandmortyapi.com/api/location/3, created=null), image=https://rickandmortyapi.com/api/character/avatar/1.jpeg, episode=[https://rickandmortyapi.com/api/episode/1, https://rickandmortyapi.com/api/episode/2, https://rickandmortyapi.com/api/episode/3, https://rickandmortyapi.com/api/episode/4, https://rickandmortyapi.com/api/episode/5, https://rickandmortyapi.com/api/episode/6, https://rickandmortyapi.com/api/episode/7, https://rickandmortyapi.com/api/episode/8, https://rickandmortyapi.com/api/episode/9, https://rickandmortyapi.com/api/episode/10, https://rickandmortyapi.com/api/episode/11, https://rickandmortyapi.com/api/episode/12, https://rickandmortyapi.com/api/episode/13, https://rickandmortyapi.com/api/episode/14, https://rickandmortyapi.com/api/episode/15, https://rickandmortyapi.com/api/episode/16, https://rickandmortyapi.com/api/episode/17, https://rickandmortyapi.com/api/episode/18, https://rickandmortyapi.com/api/episode/19, https://rickandmortyapi.com/api/episode/20, https://rickandmortyapi.com/api/episode/21, https://rickandmortyapi.com/api/episode/22, https://rickandmortyapi.com/api/episode/23, https://rickandmortyapi.com/api/episode/24, https://rickandmortyapi.com/api/episode/25, https://rickandmortyapi.com/api/episode/26, https://rickandmortyapi.com/api/episode/27, https://rickandmortyapi.com/api/episode/28, https://rickandmortyapi.com/api/episode/29, https://rickandmortyapi.com/api/episode/30, https://rickandmortyapi.com/api/episode/31, https://rickandmortyapi.com/api/episode/32, https://rickandmortyapi.com/api/episode/33, https://rickandmortyapi.com/api/episode/34, https://rickandmortyapi.com/api/episode/35, https://rickandmortyapi.com/api/episode/36, https://rickandmortyapi.com/api/episode/37, https://rickandmortyapi.com/api/episode/38, https://rickandmortyapi.com/api/episode/39, https://rickandmortyapi.com/api/episode/40, https://rickandmortyapi.com/api/episode/41, https://rickandmortyapi.com/api/episode/42, https://rickandmortyapi.com/api/episode/43, https://rickandmortyapi.com/api/episode/44, https://rickandmortyapi.com/api/episode/45, https://rickandmortyapi.com/api/episode/46, https://rickandmortyapi.com/api/episode/47, https://rickandmortyapi.com/api/episode/48, https://rickandmortyapi.com/api/episode/49, https://rickandmortyapi.com/api/episode/50, https://rickandmortyapi.com/api/episode/51], url=https://rickandmortyapi.com/api/character/1, created=2017-11-04T18:48:46.250Z)
]]></system-out>
  </testcase>
</testsuite>